
=INFO REPORT==== 24-Mar-2013::20:10:32 ===
Ctlfile : c:/Users/CHRISR~1/AppData/Local/Temp/yaws/default/CTL

=INFO REPORT==== 24-Mar-2013::20:10:32 ===
Yaws: Listening to 127.0.0.1:8000 for <1> virtual servers:
 - http://localhost:8000 under c:/Users/Chris Roland/Documents/Playground/ferl/src

=INFO REPORT==== 24-Mar-2013::20:10:58 ===
stop_ready([], <0.47.0>)

=INFO REPORT==== 24-Mar-2013::20:11:24 ===
Ctlfile : c:/Users/CHRISR~1/AppData/Local/Temp/yaws/default/CTL

=INFO REPORT==== 24-Mar-2013::20:11:24 ===
Yaws: Listening to 127.0.0.1:8000 for <1> virtual servers:
 - http://localhost:8000 under c:/Users/Chris Roland/Documents/Playground/ferl/src

=INFO REPORT==== 24-Mar-2013::20:11:41 ===
stop_ready([{{1364,170292,301005},<0.53.0>}], <0.54.0>)

=INFO REPORT==== 24-Mar-2013::20:14:08 ===
Ctlfile : c:/Users/CHRISR~1/AppData/Local/Temp/yaws/default/CTL

=INFO REPORT==== 24-Mar-2013::20:14:08 ===
Yaws: Listening to 127.0.0.1:8000 for <1> virtual servers:
 - http://localhost:8000 under c:/Users/Chris Roland/Documents/Playground/ferl/src

=INFO REPORT==== 24-Mar-2013::20:14:42 ===
stop_ready([{{1364,170474,471000},<0.47.0>}], <0.54.0>)

=INFO REPORT==== 24-Mar-2013::20:14:53 ===
Ctlfile : c:/Users/CHRISR~1/AppData/Local/Temp/yaws/default/CTL

=INFO REPORT==== 24-Mar-2013::20:14:53 ===
Yaws: Listening to 127.0.0.1:8000 for <1> virtual servers:
 - http://localhost:8000 under c:/Users/Chris Roland/Documents/Playground/ferl/src

=INFO REPORT==== 24-Mar-2013::20:15:01 ===
stop_ready([{{1364,170496,755005},<0.47.0>}], <0.62.0>)

=INFO REPORT==== 24-Mar-2013::20:15:48 ===
Ctlfile : c:/Users/CHRISR~1/AppData/Local/Temp/yaws/default/CTL

=INFO REPORT==== 24-Mar-2013::20:15:48 ===
Yaws: Listening to 127.0.0.1:8000 for <1> virtual servers:
 - http://localhost:8000 under c:/Users/Chris Roland/Documents/Playground/ferl/src
